빌드 시작: 2015-11-19 오후 9:03:53
     1>2 노드의 "D:\Github\assignment\mobilecommunication\lte_attach_3377\PacketSender.vcxproj" 프로젝트(build 대상)입니다.
     1>InitializeBuildStatus:
         "AlwaysCreate"이(가) 지정되었기 때문에 "Debug\PacketSender.unsuccessfulbuild"을(를) 만들고 있습니다.
       ClCompile:
         모든 출력이 최신 상태입니다.
         C:\Program Files (x86)\Microsoft Visual Studio 10.0\VC\bin\CL.exe /c /Zi /nologo /W3 /WX- /Od /Oy- /D WIN32 /D _WINDOWS /D _DEBUG /D HAVE_REMOTE /D WPCAP /D _MBCS /Gm /EHsc /RTC1 /MTd /GS /fp:precise /Zc:wchar_t /Zc:forScope /Yu"StdAfx.h" /Fp"Debug\PacketSender.pch" /Fo"Debug\\" /Fd"Debug\vc100.pdb" /Gd /TP /analyze- /errorReport:prompt SCTPLayer.cpp
         SCTPLayer.cpp
       ResourceCompile:
         모든 출력이 최신 상태입니다.
       ManifestResourceCompile:
         모든 출력이 최신 상태입니다.
       Link:
         C:\Program Files (x86)\Microsoft Visual Studio 10.0\VC\bin\link.exe /ERRORREPORT:PROMPT /OUT:"D:\Github\assignment\mobilecommunication\lte_attach_3377\Debug\PacketSender.exe" /INCREMENTAL /NOLOGO wpcap.lib packet.lib /MANIFEST /ManifestFile:"Debug\PacketSender.exe.intermediate.manifest" /MANIFESTUAC:"level='asInvoker' uiAccess='false'" /DEBUG /PDB:"D:\Github\assignment\mobilecommunication\lte_attach_3377\Debug\PacketSender.pdb" /SUBSYSTEM:WINDOWS /TLBID:1 /DYNAMICBASE /NXCOMPAT /IMPLIB:"D:\Github\assignment\mobilecommunication\lte_attach_3377\Debug\PacketSender.lib" /MACHINE:X86 Debug\PacketSender.res
         Debug\PacketSender.exe.embed.manifest.res
         Debug\BaseLayer.obj
         Debug\IPLayer.obj
         Debug\LayerManager.obj
         Debug\LinkLayer.obj
         Debug\NILayer.obj
         Debug\PacketSender.obj
         Debug\PacketSenderDlg.obj
         Debug\S1APLayer.obj
         Debug\SCTPLayer.obj
         Debug\stdafx.obj
       Manifest:
         C:\Program Files (x86)\Microsoft SDKs\Windows\v7.0A\bin\mt.exe /nologo /verbose /out:"Debug\PacketSender.exe.embed.manifest" /manifest Debug\PacketSender.exe.intermediate.manifest "C:\Program Files (x86)\Microsoft Visual Studio 10.0\VC\Include\Manifest\dpiaware.manifest"
         모든 출력이 최신 상태입니다.
       LinkEmbedManifest:
         모든 출력이 최신 상태입니다.
         PacketSender.vcxproj -> D:\Github\assignment\mobilecommunication\lte_attach_3377\Debug\PacketSender.exe
       FinalizeBuildStatus:
         "Debug\PacketSender.unsuccessfulbuild" 파일을 삭제하고 있습니다.
         "Debug\PacketSender.lastbuildstate"에 연결(touching)하고 있습니다.
     1>"D:\Github\assignment\mobilecommunication\lte_attach_3377\PacketSender.vcxproj" 프로젝트를 빌드했습니다(build 대상).

빌드했습니다.

경과 시간: 00:00:02.43
